<?xml version="1.0" encoding="UTF-8"?>
<!-- Generated by org.testng.reporters.JUnitXMLReporter -->
<testsuite ignored="0" hostname="DESKTOP-A7MS0QU" failures="0" tests="7" name="Jupiter Toys test for chrome parallel" time="149.577" errors="0" timestamp="2022-11-10T21:18:11 PST">
  <testcase classname="com.jupitertoys.testcase.jupiterToys_Test" name="testCase2" time="18.517"/>
  <testcase classname="com.jupitertoys.testcase.jupiterToys_Test" name="testCase1" time="21.343"/>
  <testcase classname="com.jupitertoys.testcase.jupiterToys_Test" name="testCase3" time="34.787"/>
  <testcase classname="com.jupitertoys.testcase.jupiterToys_Test" name="testCase2" time="30.905"/>
  <testcase classname="com.jupitertoys.testcase.jupiterToys_Test" name="testCase2" time="35.727"/>
  <testcase classname="com.jupitertoys.testcase.jupiterToys_Test" name="testCase2" time="27.828"/>
  <testcase classname="com.jupitertoys.testcase.jupiterToys_Test" name="testCase2" time="36.558"/>
</testsuite> <!-- Jupiter Toys test for chrome parallel -->
